# JRE version: Java(TM) SE Runtime Environment (9.0+11) (build 9.0.4+11)
# Java VM: Java HotSpot(TM) 64-Bit Server VM (9.0.4+11, mixed mode, tiered, compressed oops, g1 gc, windows-amd64)
Heap:
 garbage-first heap   total 263168K, used 102943K [0x0000000700000000, 0x0000000700100808, 0x00000007c0000000)
  region size 1024K, 9 young (9216K), 1 survivors (1024K)
 Metaspace       used 87164K, capacity 93113K, committed 93184K, reserved 1128448K
  class space    used 12769K, capacity 13778K, committed 13824K, reserved 1048576K
GC Heap History (10 events):
Event: 648.461 GC heap before
{Heap before GC invocations=74 (full 6):
 garbage-first heap   total 198656K, used 148600K [0x0000000700000000, 0x0000000700100610, 0x00000007c0000000)
  region size 1024K, 60 young (61440K), 3 survivors (3072K)
 Metaspace       used 87017K, capacity 92877K, committed 93184K, reserved 1128448K
  class space    used 12759K, capacity 13772K, committed 13824K, reserved 1048576K
}
Event: 648.465 GC heap after
{Heap after GC invocations=75 (full 6):
 garbage-first heap   total 198656K, used 89515K [0x0000000700000000, 0x0000000700100610, 0x00000007c0000000)
  region size 1024K, 2 young (2048K), 2 survivors (2048K)
 Metaspace       used 87017K, capacity 92877K, committed 93184K, reserved 1128448K
  class space    used 12759K, capacity 13772K, committed 13824K, reserved 1048576K
}
Event: 648.769 GC heap before
{Heap before GC invocations=75 (full 6):
 garbage-first heap   total 198656K, used 148907K [0x0000000700000000, 0x0000000700100610, 0x00000007c0000000)
  region size 1024K, 60 young (61440K), 2 survivors (2048K)
 Metaspace       used 87061K, capacity 92971K, committed 93184K, reserved 1128448K
  class space    used 12762K, capacity 13777K, committed 13824K, reserved 1048576K
}
Event: 648.773 GC heap after
{Heap after GC invocations=76 (full 6):
 garbage-first heap   total 198656K, used 89794K [0x0000000700000000, 0x0000000700100610, 0x00000007c0000000)
  region size 1024K, 2 young (2048K), 2 survivors (2048K)
 Metaspace       used 87061K, capacity 92971K, committed 93184K, reserved 1128448K
  class space    used 12762K, capacity 13777K, committed 13824K, reserved 1048576K
}
Event: 648.979 GC heap before
{Heap before GC invocations=77 (full 6):
 garbage-first heap   total 198656K, used 115394K [0x0000000700000000, 0x0000000700100610, 0x00000007c0000000)
  region size 1024K, 28 young (28672K), 2 survivors (2048K)
 Metaspace       used 87108K, capacity 92979K, committed 93184K, reserved 1128448K
  class space    used 12762K, capacity 13777K, committed 13824K, reserved 1048576K
}
Event: 648.985 GC heap after
{Heap after GC invocations=78 (full 6):
 garbage-first heap   total 263168K, used 90034K [0x0000000700000000, 0x0000000700100808, 0x00000007c0000000)
  region size 1024K, 2 young (2048K), 2 survivors (2048K)
 Metaspace       used 87108K, capacity 92979K, committed 93184K, reserved 1128448K
  class space    used 12762K, capacity 13777K, committed 13824K, reserved 1048576K
}
Event: 649.243 GC heap before
{Heap before GC invocations=79 (full 6):
 garbage-first heap   total 263168K, used 127922K [0x0000000700000000, 0x0000000700100808, 0x00000007c0000000)
  region size 1024K, 32 young (32768K), 2 survivors (2048K)
 Metaspace       used 87120K, capacity 93043K, committed 93184K, reserved 1128448K
  class space    used 12762K, capacity 13777K, committed 13824K, reserved 1048576K
}
Event: 649.482 GC heap after
{Heap after GC invocations=80 (full 7):
 garbage-first heap   total 263168K, used 92298K [0x0000000700000000, 0x0000000700100808, 0x00000007c0000000)
  region size 1024K, 0 young (0K), 0 survivors (0K)
 Metaspace       used 87120K, capacity 93043K, committed 93184K, reserved 1128448K
  class space    used 12762K, capacity 13777K, committed 13824K, reserved 1048576K
}
Event: 650.031 GC heap before
{Heap before GC invocations=80 (full 7):
 garbage-first heap   total 263168K, used 156810K [0x0000000700000000, 0x0000000700100808, 0x00000007c0000000)
  region size 1024K, 60 young (61440K), 0 survivors (0K)
 Metaspace       used 87129K, capacity 93049K, committed 93184K, reserved 1128448K
  class space    used 12762K, capacity 13778K, committed 13824K, reserved 1048576K
}
Event: 650.034 GC heap after
{Heap after GC invocations=81 (full 7):
 garbage-first heap   total 263168K, used 95775K [0x0000000700000000, 0x0000000700100808, 0x00000007c0000000)
  region size 1024K, 1 young (1024K), 1 survivors (1024K)
 Metaspace       used 87129K, capacity 93049K, committed 93184K, reserved 1128448K
  class space    used 12762K, capacity 13778K, committed 13824K, reserved 1048576K
}

